Code - OSS (1.97.2, undefined, desktop)
Jupyter Extension Version: 2025.1.0.
Python Extension Version: 2025.2.0.
Pylance Extension Version: 2025.3.2.
Platform: linux (x64).
Home = /home/mhamdi
Temp Storage folder ~/.config/Code - OSS/User/globalStorage/ms-toolsai.jupyter/version-2025.1.0
Workspace folder /data/tmp/rm-test-async/layers/api
20:35:23.455 [info] Starting Kernel (Python Path: /data/tmp/rm-test-async/layers/api/venv/bin/python, Venv, 3.12.8) for '/data/tmp/rm-test-async/layers/api/nb.ipynb' (disableUI=true)
20:35:24.756 [info] Process Execution: /data/tmp/rm-test-async/layers/api/venv/bin/python -c "import ipykernel; print(ipykernel.__version__); print("5dc3a68c-e34e-4080-9c3e-2a532b2ccb4d"); print(ipykernel.__file__)"
20:35:24.780 [info] Process Execution: /data/tmp/rm-test-async/layers/api/venv/bin/python -m ipykernel_launcher --f=/home/~/.local/share/jupyter/runtime/kernel-v384c2d4abf4ad79eee203b45332d760719cf0b026.json
    > cwd: /data/tmp/rm-test-async/layers/api
20:35:24.842 [info] Process Execution: /data/tmp/rm-test-async/layers/api/venv/bin/python -m pip list
20:35:26.600 [info] Kernel successfully started
20:35:26.614 [info] Process Execution: /data/tmp/rm-test-async/layers/api/venv/bin/python /home/~/.vscode-oss/extensions/ms-toolsai.jupyter-2025.1.0-linux-x64/pythonFiles/printJupyterDataDir.py
20:38:13.918 [warn] Disposing old controller startUsingPythonInterpreter:'.jvsc74a57bd088db5258b0a6c0079e31dfc72b4b61cdf6dab23cb163940cccbe84fcc1468799./data/local_tmp/pyenvs/py312/venv/bin/python3./data/local_tmp/pyenvs/py312/venv/bin/python3.-m#ipykernel_launcher' for view = 'jupyter-notebook'
20:38:13.958 [warn] Disposing old controller startUsingPythonInterpreter:'.jvsc74a57bd088db5258b0a6c0079e31dfc72b4b61cdf6dab23cb163940cccbe84fcc1468799./data/local_tmp/pyenvs/py312/venv/bin/python3./data/local_tmp/pyenvs/py312/venv/bin/python3.-m#ipykernel_launcher (Interactive)' for view = 'interactive'
20:38:14.005 [warn] No interpreter with path /data/local_tmp/pyenvs/py312/venv/bin/python3 found in Python API, will convert Uri path to string as Id /data/local_tmp/pyenvs/py312/venv/bin/python3
20:46:52.974 [info] Starting Kernel (Python Path: /data/tmp/rm-test-async/layers/api/venv/bin/python, Venv, 3.12.8) for '/data/tmp/rm-test-async/layers/api/j.ipynb' (disableUI=false)
20:46:53.233 [info] Process Execution: /data/tmp/rm-test-async/layers/api/venv/bin/python -c "import ipykernel; print(ipykernel.__version__); print("5dc3a68c-e34e-4080-9c3e-2a532b2ccb4d"); print(ipykernel.__file__)"
20:46:53.266 [info] Process Execution: /data/tmp/rm-test-async/layers/api/venv/bin/python -m ipykernel_launcher --f=/home/~/.local/share/jupyter/runtime/kernel-v36b49c2cb1c8f5d60aa4cdd3be261703a4763722a.json
    > cwd: /data/tmp/rm-test-async/layers/api
20:46:53.316 [info] Process Execution: /data/tmp/rm-test-async/layers/api/venv/bin/python -m pip list
20:46:54.386 [info] Kernel successfully started
20:56:09.632 [warn] Cell completed with errors su [Error]: option -x not recognized (allowed: "prn:")
    at n.execute (/home/~/.vscode-oss/extensions/ms-toolsai.jupyter-2025.1.0-linux-x64/dist/extension.node.js:297:4958) {
  ename: 'UsageError',
  evalue: 'option -x not recognized (allowed: "prn:")',
  traceback: []
}
20:56:16.046 [warn] Cell completed with errors su [Error]: option -x not recognized (allowed: "prn:")
    at n.execute (/home/~/.vscode-oss/extensions/ms-toolsai.jupyter-2025.1.0-linux-x64/dist/extension.node.js:297:4958) {
  ename: 'UsageError',
  evalue: 'option -x not recognized (allowed: "prn:")',
  traceback: []
}
20:59:39.314 [warn] Cell completed with errors su [Error]: No module named 'file'
    at n.execute (/home/~/.vscode-oss/extensions/ms-toolsai.jupyter-2025.1.0-linux-x64/dist/extension.node.js:297:4958) {
  ename: 'ModuleNotFoundError',
  evalue: "No module named 'file'",
  traceback: [
    '\x1B[31m---------------------------------------------------------------------------\x1B[39m',
    '\x1B[31mModuleNotFoundError\x1B[39m                       Traceback (most recent call last)',
    '\x1B[36mCell\x1B[39m\x1B[36m \x1B[39m\x1B[32mIn[13]\x1B[39m\x1B[32m, line 1\x1B[39m\n' +
      '\x1B[32m----> \x1B[39m\x1B[32m1\x1B[39m \x1B[38;5;28;01mimport\x1B[39;00m\x1B[38;5;250m \x1B[39m\x1B[34;01mfile\x1B[39;00m\n',
    "\x1B[31mModuleNotFoundError\x1B[39m: No module named 'file'"
  ]
}
21:02:41.443 [warn] Cell completed with errors su [Error]: 'module' object has no attribute '_'
    at n.execute (/home/~/.vscode-oss/extensions/ms-toolsai.jupyter-2025.1.0-linux-x64/dist/extension.node.js:297:4958) {
  ename: 'AttributeError',
  evalue: "'module' object has no attribute '_'",
  traceback: [
    '\x1B[31m---------------------------------------------------------------------------\x1B[39m',
    '\x1B[31mAttributeError\x1B[39m                            Traceback (most recent call last)',
    '\x1B[36mCell\x1B[39m\x1B[36m \x1B[39m\x1B[32mIn[19]\x1B[39m\x1B[32m, line 2\x1B[39m\n' +
      '\x1B[32m      1\x1B[39m \x1B[38;5;28;01mimport\x1B[39;00m\x1B[38;5;250m \x1B[39m\x1B[34;01mbuiltins\x1B[39;00m\n' +
      '\x1B[32m----> \x1B[39m\x1B[32m2\x1B[39m \x1B[38;5;28;01mdel\x1B[39;00m \x1B[43mbuiltins\x1B[49m\x1B[43m.\x1B[49m\x1B[43m_\x1B[49m\n' +
      '\x1B[32m      3\x1B[39m \x1B[38;5;28;01mdel\x1B[39;00m _\n' +
      '\x1B[32m      4\x1B[39m \x1B[38;5;28;01mdel\x1B[39;00m __\n',
    "\x1B[31mAttributeError\x1B[39m: 'module' object has no attribute '_'"
  ]
}
21:02:51.022 [warn] Cell completed with errors su [Error]: 'module' object has no attribute '_'
    at n.execute (/home/~/.vscode-oss/extensions/ms-toolsai.jupyter-2025.1.0-linux-x64/dist/extension.node.js:297:4958) {
  ename: 'AttributeError',
  evalue: "'module' object has no attribute '_'",
  traceback: [
    '\x1B[31m---------------------------------------------------------------------------\x1B[39m',
    '\x1B[31mAttributeError\x1B[39m                            Traceback (most recent call last)',
    '\x1B[36mCell\x1B[39m\x1B[36m \x1B[39m\x1B[32mIn[20]\x1B[39m\x1B[32m, line 2\x1B[39m\n' +
      '\x1B[32m      1\x1B[39m \x1B[38;5;28;01mimport\x1B[39;00m\x1B[38;5;250m \x1B[39m\x1B[34;01mbuiltins\x1B[39;00m\n' +
      '\x1B[32m----> \x1B[39m\x1B[32m2\x1B[39m \x1B[38;5;28;01mdel\x1B[39;00m \x1B[43mbuiltins\x1B[49m\x1B[43m.\x1B[49m\x1B[43m_\x1B[49m\n' +
      '\x1B[32m      3\x1B[39m \x1B[38;5;28;01mdel\x1B[39;00m __\n' +
      '\x1B[32m      4\x1B[39m \x1B[38;5;28;01mdel\x1B[39;00m ___\n',
    "\x1B[31mAttributeError\x1B[39m: 'module' object has no attribute '_'"
  ]
}
21:02:56.679 [warn] Cell completed with errors su [Error]: 'module' object has no attribute '_'
    at n.execute (/home/~/.vscode-oss/extensions/ms-toolsai.jupyter-2025.1.0-linux-x64/dist/extension.node.js:297:4958) {
  ename: 'AttributeError',
  evalue: "'module' object has no attribute '_'",
  traceback: [
    '\x1B[31m---------------------------------------------------------------------------\x1B[39m',
    '\x1B[31mAttributeError\x1B[39m                            Traceback (most recent call last)',
    '\x1B[36mCell\x1B[39m\x1B[36m \x1B[39m\x1B[32mIn[21]\x1B[39m\x1B[32m, line 2\x1B[39m\n' +
      '\x1B[32m      1\x1B[39m \x1B[38;5;28;01mimport\x1B[39;00m\x1B[38;5;250m \x1B[39m\x1B[34;01mbuiltins\x1B[39;00m\n' +
      '\x1B[32m----> \x1B[39m\x1B[32m2\x1B[39m \x1B[38;5;28;01mdel\x1B[39;00m \x1B[43mbuiltins\x1B[49m\x1B[43m.\x1B[49m\x1B[43m_\x1B[49m\n' +
      '\x1B[32m      3\x1B[39m \x1B[38;5;28;01mdel\x1B[39;00m ___\n',
    "\x1B[31mAttributeError\x1B[39m: 'module' object has no attribute '_'"
  ]
}
21:03:01.322 [warn] Cell completed with errors su [Error]: 'module' object has no attribute '_'
    at n.execute (/home/~/.vscode-oss/extensions/ms-toolsai.jupyter-2025.1.0-linux-x64/dist/extension.node.js:297:4958) {
  ename: 'AttributeError',
  evalue: "'module' object has no attribute '_'",
  traceback: [
    '\x1B[31m---------------------------------------------------------------------------\x1B[39m',
    '\x1B[31mAttributeError\x1B[39m                            Traceback (most recent call last)',
    '\x1B[36mCell\x1B[39m\x1B[36m \x1B[39m\x1B[32mIn[22]\x1B[39m\x1B[32m, line 2\x1B[39m\n' +
      '\x1B[32m      1\x1B[39m \x1B[38;5;28;01mimport\x1B[39;00m\x1B[38;5;250m \x1B[39m\x1B[34;01mbuiltins\x1B[39;00m\n' +
      '\x1B[32m----> \x1B[39m\x1B[32m2\x1B[39m \x1B[38;5;28;01mdel\x1B[39;00m \x1B[43mbuiltins\x1B[49m\x1B[43m.\x1B[49m\x1B[43m_\x1B[49m\n',
    "\x1B[31mAttributeError\x1B[39m: 'module' object has no attribute '_'"
  ]
}
21:03:22.300 [warn] Cell completed with errors su [Error]: name '_' is not defined
    at n.execute (/home/~/.vscode-oss/extensions/ms-toolsai.jupyter-2025.1.0-linux-x64/dist/extension.node.js:297:4958) {
  ename: 'NameError',
  evalue: "name '_' is not defined",
  traceback: [
    '\x1B[31m---------------------------------------------------------------------------\x1B[39m',
    '\x1B[31mNameError\x1B[39m                                 Traceback (most recent call last)',
    '\x1B[36mCell\x1B[39m\x1B[36m \x1B[39m\x1B[32mIn[25]\x1B[39m\x1B[32m, line 3\x1B[39m\n' +
      '\x1B[32m      1\x1B[39m \x1B[38;5;28;01mimport\x1B[39;00m\x1B[38;5;250m \x1B[39m\x1B[34;01mbuiltins\x1B[39;00m\n' +
      '\x1B[32m      2\x1B[39m \x1B[38;5;28;01mdel\x1B[39;00m builtins\n' +
      '\x1B[32m----> \x1B[39m\x1B[32m3\x1B[39m \x1B[38;5;28;01mdel\x1B[39;00m \x1B[43m_\x1B[49m\n' +
      '\x1B[32m      4\x1B[39m \x1B[38;5;28;01mdel\x1B[39;00m __\n' +
      '\x1B[32m      5\x1B[39m \x1B[38;5;28;01mdel\x1B[39;00m ___\n',
    "\x1B[31mNameError\x1B[39m: name '_' is not defined"
  ]
}
21:11:36.214 [warn] Cell completed with errors su [Error]: Unknown variable 'a'
    at n.execute (/home/~/.vscode-oss/extensions/ms-toolsai.jupyter-2025.1.0-linux-x64/dist/extension.node.js:297:4958) {
  ename: 'UsageError',
  evalue: "Unknown variable 'a'",
  traceback: []
}
21:14:42.603 [info] Disposing request as the cell (-1) was deleted /data/tmp/rm-test-async/layers/api/j.ipynb
21:14:42.603 [info] Disposing request as the cell (-1) was deleted /data/tmp/rm-test-async/layers/api/j.ipynb
21:14:42.603 [info] Disposing request as the cell (-1) was deleted /data/tmp/rm-test-async/layers/api/j.ipynb
21:14:42.603 [info] Disposing request as the cell (-1) was deleted /data/tmp/rm-test-async/layers/api/j.ipynb
21:14:42.603 [info] Disposing request as the cell (-1) was deleted /data/tmp/rm-test-async/layers/api/j.ipynb
21:14:42.603 [info] Disposing request as the cell (-1) was deleted /data/tmp/rm-test-async/layers/api/j.ipynb
21:22:38.903 [info] Disposing request as the cell (-1) was deleted /data/tmp/rm-test-async/layers/api/j.ipynb
21:22:38.903 [info] Disposing request as the cell (-1) was deleted /data/tmp/rm-test-async/layers/api/j.ipynb
21:22:38.903 [info] Disposing request as the cell (-1) was deleted /data/tmp/rm-test-async/layers/api/j.ipynb
21:22:38.903 [info] Disposing request as the cell (-1) was deleted /data/tmp/rm-test-async/layers/api/j.ipynb
21:22:38.903 [info] Disposing request as the cell (-1) was deleted /data/tmp/rm-test-async/layers/api/j.ipynb
21:22:38.903 [info] Disposing request as the cell (-1) was deleted /data/tmp/rm-test-async/layers/api/j.ipynb
21:22:38.904 [info] Disposing request as the cell (-1) was deleted /data/tmp/rm-test-async/layers/api/j.ipynb
21:22:38.904 [info] Disposing request as the cell (-1) was deleted /data/tmp/rm-test-async/layers/api/j.ipynb
21:22:38.904 [info] Disposing request as the cell (-1) was deleted /data/tmp/rm-test-async/layers/api/j.ipynb
21:22:38.904 [info] Disposing request as the cell (-1) was deleted /data/tmp/rm-test-async/layers/api/j.ipynb
21:22:38.904 [info] Disposing request as the cell (-1) was deleted /data/tmp/rm-test-async/layers/api/j.ipynb
21:22:38.904 [info] Disposing request as the cell (-1) was deleted /data/tmp/rm-test-async/layers/api/j.ipynb
21:22:38.904 [info] Disposing request as the cell (-1) was deleted /data/tmp/rm-test-async/layers/api/j.ipynb
21:22:38.904 [info] Disposing request as the cell (-1) was deleted /data/tmp/rm-test-async/layers/api/j.ipynb
21:22:38.904 [info] Disposing request as the cell (-1) was deleted /data/tmp/rm-test-async/layers/api/j.ipynb
21:22:38.904 [info] Disposing request as the cell (-1) was deleted /data/tmp/rm-test-async/layers/api/j.ipynb
21:22:38.904 [info] Disposing request as the cell (-1) was deleted /data/tmp/rm-test-async/layers/api/j.ipynb
21:22:38.904 [info] Disposing request as the cell (-1) was deleted /data/tmp/rm-test-async/layers/api/j.ipynb
21:22:38.904 [info] Disposing request as the cell (-1) was deleted /data/tmp/rm-test-async/layers/api/j.ipynb
21:30:43.446 [warn] Cell completed with errors su [Error]: usage is 'set_env var=val'
    at n.execute (/home/~/.vscode-oss/extensions/ms-toolsai.jupyter-2025.1.0-linux-x64/dist/extension.node.js:297:4958) {
  ename: 'UsageError',
  evalue: "usage is 'set_env var=val'",
  traceback: []
}
21:30:54.632 [warn] Cell completed with errors su [Error]: usage is 'set_env var=val'
    at n.execute (/home/~/.vscode-oss/extensions/ms-toolsai.jupyter-2025.1.0-linux-x64/dist/extension.node.js:297:4958) {
  ename: 'UsageError',
  evalue: "usage is 'set_env var=val'",
  traceback: []
}
21:30:59.038 [warn] Cell completed with errors su [Error]: usage is 'set_env var=val'
    at n.execute (/home/~/.vscode-oss/extensions/ms-toolsai.jupyter-2025.1.0-linux-x64/dist/extension.node.js:297:4958) {
  ename: 'UsageError',
  evalue: "usage is 'set_env var=val'",
  traceback: []
}
21:34:29.934 [warn] Cell completed with errors su [Error]: No module named 'jupyterthemes'
    at n.execute (/home/~/.vscode-oss/extensions/ms-toolsai.jupyter-2025.1.0-linux-x64/dist/extension.node.js:297:4958) {
  ename: 'ModuleNotFoundError',
  evalue: "No module named 'jupyterthemes'",
  traceback: [
    '\x1B[31m---------------------------------------------------------------------------\x1B[39m',
    '\x1B[31mModuleNotFoundError\x1B[39m                       Traceback (most recent call last)',
    '\x1B[36mCell\x1B[39m\x1B[36m \x1B[39m\x1B[32mIn[70]\x1B[39m\x1B[32m, line 1\x1B[39m\n' +
      '\x1B[32m----> \x1B[39m\x1B[32m1\x1B[39m \x1B[38;5;28;01mfrom\x1B[39;00m\x1B[38;5;250m \x1B[39m\x1B[34;01mjupyterthemes\x1B[39;00m\x1B[38;5;250m \x1B[39m\x1B[38;5;28;01mimport\x1B[39;00m jtplot\n',
    "\x1B[31mModuleNotFoundError\x1B[39m: No module named 'jupyterthemes'"
  ]
}
21:37:30.896 [info] Disposing request as the cell (-1) was deleted /data/tmp/rm-test-async/layers/api/j.ipynb
21:37:47.087 [info] Dispose Kernel '/data/tmp/rm-test-async/layers/api/nb.ipynb' associated with '/data/tmp/rm-test-async/layers/api/nb.ipynb'
21:37:47.115 [info] Dispose Kernel '/data/tmp/rm-test-async/layers/api/j.ipynb' associated with '/data/tmp/rm-test-async/layers/api/j.ipynb'
